TVA version 1.3
Script Started Tue 09 Jan 2024 06:50:46 PM PST.
Loading required package: grid
Loading required package: futile.logger
Saving 7 x 7 in image
Script Finished Tue 09 Jan 2024 06:51:03 PM PST.
Initials of person who ran the program: 	BT
Name of variant caller used to make VCF1: 	BCFtools
 File and path of VCF1: 	/home/brad/Downloads/TVA_CODE_EXAMPLES_January9_2024/FakeVCF1.vcf
Name of variant caller used to make VCF2: 	FreeBayes
 File and path of VCF2: 	/home/brad/Downloads/TVA_CODE_EXAMPLES_January9_2024/FakeVCF2.vcf
Name of variant caller used to make VCF3: 	GATK
 File and path of VCF3: 	/home/brad/Downloads/TVA_CODE_EXAMPLES_January9_2024/FakeVCF3.vcf
 	
Color chosen for VCF1 Venn circle: 	#456f01
Color chosen for VCF2 Venn circle: 	#00688b
Color chosen for VCF3 Venn circle: 	#ffac12
Outlines of Venn diagram: 	"blank"
Diagram rotation in degrees: 	30
Size of values (numbers) in Venn circles: 	1.0
Font of numbers in Venn circles: 	sans
Style of numbers in Venn circles: 	plain
Size of labels: 	1.4
Font of labels: 	sans
 Style of labels 	bold
Format to save plot:	jpeg
*****R code used to make the plot*****
library(ggplot2) 
library(VennDiagram) 
p <- draw.triple.venn(7, 7, 7, 4, 4, 3, 2, c("BCFtools", "FreeBayes", "GATK"), sep.dist = 0.1, rotation.degree = 30, lty = "blank", fill = c("#456f01", "#00688b", "#ffac12"),  cex=1.0, fontfamily="sans", fontface="plain", cat.cex=1.4, cat.fontfamily = "sans", cat.fontface = "bold", rptation=1) 
ggsave(plot = p, filename= "ThreeVCFVenn_20240109_1850.jpeg")
